<?xml version="1.0" encoding="UTF-8"?>
<coverage generated="1741899805033" clover="3.2.0">
  <project timestamp="1741899805033" name="All files">
    <metrics statements="140" coveredstatements="138" conditionals="86" coveredconditionals="77" methods="40" coveredmethods="40" elements="266" coveredelements="255" complexity="0" loc="140" ncloc="140" packages="6" files="6" classes="6"/>
    <package name="Button">
      <metrics statements="6" coveredstatements="6" conditionals="6" coveredconditionals="6" methods="2" coveredmethods="2"/>
      <file name="Button.tsx" path="C:\Users\cjqxs\OneDrive\Desktop\ui-react\my-react-storybook\src\component\Button\Button.tsx">
        <metrics statements="6" coveredstatements="6" conditionals="6" coveredconditionals="6" methods="2" coveredmethods="2"/>
        <line num="2" count="2" type="stmt"/>
        <line num="21" count="2" type="stmt"/>
        <line num="29" count="16" type="stmt"/>
        <line num="35" count="6" type="stmt"/>
        <line num="36" count="6" type="stmt"/>
        <line num="51" count="2" type="stmt"/>
      </file>
    </package>
    <package name="Modal">
      <metrics statements="35" coveredstatements="35" conditionals="25" coveredconditionals="23" methods="8" coveredmethods="8"/>
      <file name="Modal.tsx" path="C:\Users\cjqxs\OneDrive\Desktop\ui-react\my-react-storybook\src\component\Modal\Modal.tsx">
        <metrics statements="35" coveredstatements="35" conditionals="25" coveredconditionals="23" methods="8" coveredmethods="8"/>
        <line num="1" count="1" type="stmt"/>
        <line num="2" count="1" type="stmt"/>
        <line num="3" count="1" type="stmt"/>
        <line num="26" count="1" type="stmt"/>
        <line num="42" count="8" type="stmt"/>
        <line num="43" count="8" type="stmt"/>
        <line num="45" count="8" type="cond" truecount="1" falsecount="1"/>
        <line num="46" count="8" type="stmt"/>
        <line num="48" count="8" type="stmt"/>
        <line num="49" count="8" type="cond" truecount="2" falsecount="0"/>
        <line num="50" count="7" type="stmt"/>
        <line num="53" count="7" type="stmt"/>
        <line num="56" count="7" type="stmt"/>
        <line num="59" count="1" type="stmt"/>
        <line num="62" count="1" type="cond" truecount="1" falsecount="0"/>
        <line num="63" count="1" type="stmt"/>
        <line num="67" count="8" type="stmt"/>
        <line num="69" count="8" type="stmt"/>
        <line num="73" count="8" type="stmt"/>
        <line num="74" count="2" type="cond" truecount="1" falsecount="0"/>
        <line num="79" count="1" type="stmt"/>
        <line num="83" count="8" type="stmt"/>
        <line num="84" count="8" type="cond" truecount="1" falsecount="0"/>
        <line num="85" count="7" type="stmt"/>
        <line num="86" count="7" type="stmt"/>
        <line num="87" count="3" type="cond" truecount="1" falsecount="0"/>
        <line num="88" count="3" type="stmt"/>
        <line num="89" count="3" type="stmt"/>
        <line num="93" count="8" type="stmt"/>
        <line num="94" count="8" type="stmt"/>
        <line num="98" count="8" type="cond" truecount="1" falsecount="0"/>
        <line num="100" count="7" type="stmt"/>
        <line num="121" count="2" type="stmt"/>
        <line num="122" count="2" type="stmt"/>
        <line num="136" count="1" type="stmt"/>
      </file>
    </package>
    <package name="Tab">
      <metrics statements="50" coveredstatements="48" conditionals="28" coveredconditionals="24" methods="17" coveredmethods="17"/>
      <file name="Tab.tsx" path="C:\Users\cjqxs\OneDrive\Desktop\ui-react\my-react-storybook\src\component\Tab\Tab.tsx">
        <metrics statements="50" coveredstatements="48" conditionals="28" coveredconditionals="24" methods="17" coveredmethods="17"/>
        <line num="1" count="1" type="stmt"/>
        <line num="10" count="1" type="stmt"/>
        <line num="33" count="1" type="stmt"/>
        <line num="38" count="1" type="stmt"/>
        <line num="39" count="15" type="stmt"/>
        <line num="41" count="15" type="stmt"/>
        <line num="49" count="1" type="stmt"/>
        <line num="50" count="18" type="stmt"/>
        <line num="51" count="18" type="cond" truecount="0" falsecount="1"/>
        <line num="52" count="0" type="stmt"/>
        <line num="54" count="18" type="stmt"/>
        <line num="60" count="54" type="stmt"/>
        <line num="71" count="18" type="stmt"/>
        <line num="72" count="18" type="stmt"/>
        <line num="73" count="18" type="stmt"/>
        <line num="74" count="18" type="stmt"/>
        <line num="76" count="18" type="stmt"/>
        <line num="77" count="6" type="stmt"/>
        <line num="80" count="18" type="stmt"/>
        <line num="83" count="54" type="stmt"/>
        <line num="84" count="54" type="stmt"/>
        <line num="92" count="3" type="stmt"/>
        <line num="96" count="1" type="cond" truecount="0" falsecount="1"/>
        <line num="97" count="0" type="stmt"/>
        <line num="99" count="1" type="stmt"/>
        <line num="100" count="1" type="stmt"/>
        <line num="101" count="1" type="stmt"/>
        <line num="109" count="5" type="cond" truecount="4" falsecount="0"/>
        <line num="110" count="2" type="stmt"/>
        <line num="111" count="2" type="stmt"/>
        <line num="112" count="3" type="cond" truecount="4" falsecount="0"/>
        <line num="113" count="2" type="stmt"/>
        <line num="114" count="2" type="stmt"/>
        <line num="115" count="1" type="cond" truecount="2" falsecount="1"/>
        <line num="116" count="1" type="stmt"/>
        <line num="117" count="1" type="stmt"/>
        <line num="122" count="3" type="cond" truecount="3" falsecount="0"/>
        <line num="123" count="3" type="stmt"/>
        <line num="124" count="3" type="stmt"/>
        <line num="128" count="18" type="stmt"/>
        <line num="136" count="54" type="stmt"/>
        <line num="139" count="108" type="stmt"/>
        <line num="146" count="1" type="stmt"/>
        <line num="147" count="2" type="stmt"/>
        <line num="148" count="4" type="stmt"/>
        <line num="149" count="5" type="stmt"/>
        <line num="166" count="54" type="cond" truecount="1" falsecount="0"/>
        <line num="170" count="12" type="stmt"/>
        <line num="172" count="42" type="stmt"/>
        <line num="179" count="1" type="stmt"/>
      </file>
    </package>
    <package name="Toggle">
      <metrics statements="10" coveredstatements="10" conditionals="11" coveredconditionals="11" methods="3" coveredmethods="3"/>
      <file name="Toggle.tsx" path="C:\Users\cjqxs\OneDrive\Desktop\ui-react\my-react-storybook\src\component\Toggle\Toggle.tsx">
        <metrics statements="10" coveredstatements="10" conditionals="11" coveredconditionals="11" methods="3" coveredmethods="3"/>
        <line num="1" count="1" type="stmt"/>
        <line num="2" count="1" type="stmt"/>
        <line num="3" count="1" type="stmt"/>
        <line num="25" count="1" type="stmt"/>
        <line num="34" count="11" type="stmt"/>
        <line num="36" count="11" type="stmt"/>
        <line num="37" count="4" type="stmt"/>
        <line num="38" count="4" type="stmt"/>
        <line num="41" count="11" type="stmt"/>
        <line num="65" count="1" type="stmt"/>
      </file>
    </package>
    <package name="Tooltip">
      <metrics statements="22" coveredstatements="22" conditionals="9" coveredconditionals="6" methods="5" coveredmethods="5"/>
      <file name="Tooltip.tsx" path="C:\Users\cjqxs\OneDrive\Desktop\ui-react\my-react-storybook\src\component\Tooltip\Tooltip.tsx">
        <metrics statements="22" coveredstatements="22" conditionals="9" coveredconditionals="6" methods="5" coveredmethods="5"/>
        <line num="1" count="1" type="stmt"/>
        <line num="2" count="1" type="stmt"/>
        <line num="3" count="1" type="stmt"/>
        <line num="13" count="1" type="stmt"/>
        <line num="20" count="7" type="stmt"/>
        <line num="21" count="7" type="stmt"/>
        <line num="22" count="7" type="stmt"/>
        <line num="36" count="7" type="stmt"/>
        <line num="37" count="7" type="cond" truecount="0" falsecount="1"/>
        <line num="38" count="7" type="stmt"/>
        <line num="43" count="7" type="cond" truecount="1" falsecount="0"/>
        <line num="44" count="1" type="stmt"/>
        <line num="47" count="7" type="stmt"/>
        <line num="48" count="7" type="stmt"/>
        <line num="52" count="7" type="stmt"/>
        <line num="53" count="6" type="cond" truecount="0" falsecount="1"/>
        <line num="54" count="6" type="cond" truecount="2" falsecount="0"/>
        <line num="58" count="7" type="stmt"/>
        <line num="59" count="6" type="cond" truecount="0" falsecount="1"/>
        <line num="60" count="6" type="stmt"/>
        <line num="63" count="7" type="stmt"/>
        <line num="70" count="1" type="stmt"/>
      </file>
    </package>
    <package name="switch">
      <metrics statements="17" coveredstatements="17" conditionals="7" coveredconditionals="7" methods="5" coveredmethods="5"/>
      <file name="Switch.tsx" path="C:\Users\cjqxs\OneDrive\Desktop\ui-react\my-react-storybook\src\component\switch\Switch.tsx">
        <metrics statements="17" coveredstatements="17" conditionals="7" coveredconditionals="7" methods="5" coveredmethods="5"/>
        <line num="1" count="1" type="stmt"/>
        <line num="2" count="1" type="stmt"/>
        <line num="12" count="1" type="stmt"/>
        <line num="19" count="13" type="stmt"/>
        <line num="21" count="13" type="stmt"/>
        <line num="22" count="7" type="stmt"/>
        <line num="25" count="13" type="stmt"/>
        <line num="26" count="6" type="cond" truecount="1" falsecount="0"/>
        <line num="27" count="4" type="stmt"/>
        <line num="28" count="4" type="stmt"/>
        <line num="29" count="4" type="stmt"/>
        <line num="30" count="4" type="stmt"/>
        <line num="34" count="13" type="stmt"/>
        <line num="35" count="3" type="cond" truecount="1" falsecount="0"/>
        <line num="36" count="3" type="stmt"/>
        <line num="40" count="13" type="stmt"/>
        <line num="58" count="1" type="stmt"/>
      </file>
    </package>
  </project>
</coverage>
