<?xml version="1.0" encoding="UTF-8"?>
<coverage generated="1741704826900" clover="3.2.0">
  <project timestamp="1741704826900" name="All files">
    <metrics statements="33" coveredstatements="33" conditionals="24" coveredconditionals="24" methods="10" coveredmethods="10" elements="67" coveredelements="67" complexity="0" loc="33" ncloc="33" packages="3" files="3" classes="3"/>
    <package name="Button">
      <metrics statements="6" coveredstatements="6" conditionals="6" coveredconditionals="6" methods="2" coveredmethods="2"/>
      <file name="Button.tsx" path="C:\Users\cjqxs\OneDrive\Desktop\ui-react\my-react-storybook\src\component\Button\Button.tsx">
        <metrics statements="6" coveredstatements="6" conditionals="6" coveredconditionals="6" methods="2" coveredmethods="2"/>
        <line num="2" count="2" type="stmt"/>
        <line num="21" count="2" type="stmt"/>
        <line num="29" count="16" type="stmt"/>
        <line num="35" count="6" type="stmt"/>
        <line num="36" count="6" type="stmt"/>
        <line num="51" count="2" type="stmt"/>
      </file>
    </package>
    <package name="Toggle">
      <metrics statements="10" coveredstatements="10" conditionals="11" coveredconditionals="11" methods="3" coveredmethods="3"/>
      <file name="Toggle.tsx" path="C:\Users\cjqxs\OneDrive\Desktop\ui-react\my-react-storybook\src\component\Toggle\Toggle.tsx">
        <metrics statements="10" coveredstatements="10" conditionals="11" coveredconditionals="11" methods="3" coveredmethods="3"/>
        <line num="1" count="1" type="stmt"/>
        <line num="2" count="1" type="stmt"/>
        <line num="3" count="1" type="stmt"/>
        <line num="25" count="1" type="stmt"/>
        <line num="34" count="11" type="stmt"/>
        <line num="36" count="11" type="stmt"/>
        <line num="37" count="4" type="stmt"/>
        <line num="38" count="4" type="stmt"/>
        <line num="41" count="11" type="stmt"/>
        <line num="65" count="1" type="stmt"/>
      </file>
    </package>
    <package name="switch">
      <metrics statements="17" coveredstatements="17" conditionals="7" coveredconditionals="7" methods="5" coveredmethods="5"/>
      <file name="Switch.tsx" path="C:\Users\cjqxs\OneDrive\Desktop\ui-react\my-react-storybook\src\component\switch\Switch.tsx">
        <metrics statements="17" coveredstatements="17" conditionals="7" coveredconditionals="7" methods="5" coveredmethods="5"/>
        <line num="1" count="1" type="stmt"/>
        <line num="2" count="1" type="stmt"/>
        <line num="12" count="1" type="stmt"/>
        <line num="19" count="13" type="stmt"/>
        <line num="21" count="13" type="stmt"/>
        <line num="22" count="7" type="stmt"/>
        <line num="25" count="13" type="stmt"/>
        <line num="26" count="6" type="cond" truecount="1" falsecount="0"/>
        <line num="27" count="4" type="stmt"/>
        <line num="28" count="4" type="stmt"/>
        <line num="29" count="4" type="stmt"/>
        <line num="30" count="4" type="stmt"/>
        <line num="34" count="13" type="stmt"/>
        <line num="35" count="3" type="cond" truecount="1" falsecount="0"/>
        <line num="36" count="3" type="stmt"/>
        <line num="40" count="13" type="stmt"/>
        <line num="58" count="1" type="stmt"/>
      </file>
    </package>
  </project>
</coverage>
