{"C:\\Users\\cjqxs\\OneDrive\\Desktop\\ui-react\\my-react-storybook\\src\\component\\Button\\Button.tsx": {"path":"C:\\Users\\cjqxs\\OneDrive\\Desktop\\ui-react\\my-react-storybook\\src\\component\\Button\\Button.tsx","statementMap":{"0":{"start":{"line":2,"column":0},"end":{"line":2,"column":39}},"1":{"start":{"line":21,"column":32},"end":{"line":49,"column":1}},"2":{"start":{"line":29,"column":2},"end":{"line":48,"column":4}},"3":{"start":{"line":35,"column":8},"end":{"line":35,"column":27}},"4":{"start":{"line":36,"column":8},"end":{"line":36,"column":20}},"5":{"start":{"line":51,"column":0},"end":{"line":51,"column":22}}},"fnMap":{"0":{"name":"(anonymous_0)","decl":{"start":{"line":21,"column":32},"end":{"line":21,"column":33}},"loc":{"start":{"line":28,"column":5},"end":{"line":49,"column":1}}},"1":{"name":"(anonymous_1)","decl":{"start":{"line":34,"column":15},"end":{"line":34,"column":16}},"loc":{"start":{"line":34,"column":21},"end":{"line":37,"column":7}}}},"branchMap":{"0":{"loc":{"start":{"line":22,"column":2},"end":{"line":22,"column":32}},"type":"default-arg","locations":[{"start":{"line":22,"column":13},"end":{"line":22,"column":32}}]},"1":{"loc":{"start":{"line":23,"column":2},"end":{"line":23,"column":36}},"type":"default-arg","locations":[{"start":{"line":23,"column":17},"end":{"line":23,"column":36}}]},"2":{"loc":{"start":{"line":24,"column":2},"end":{"line":24,"column":25}},"type":"default-arg","locations":[{"start":{"line":24,"column":17},"end":{"line":24,"column":25}}]},"3":{"loc":{"start":{"line":25,"column":2},"end":{"line":25,"column":22}},"type":"default-arg","locations":[{"start":{"line":25,"column":14},"end":{"line":25,"column":22}}]},"4":{"loc":{"start":{"line":39,"column":7},"end":{"line":45,"column":null}},"type":"cond-expr","locations":[{"start":{"line":40,"column":8},"end":{"line":42,"column":null}},{"start":{"line":45,"column":8},"end":{"line":45,"column":43}}]}},"s":{"0":2,"1":2,"2":16,"3":6,"4":6,"5":2},"f":{"0":16,"1":6},"b":{"0":[3],"1":[4],"2":[5],"3":[5],"4":[12,4]}}
,"C:\\Users\\cjqxs\\OneDrive\\Desktop\\ui-react\\my-react-storybook\\src\\component\\Loading-Spinner\\Loading-Spinner.tsx": {"path":"C:\\Users\\cjqxs\\OneDrive\\Desktop\\ui-react\\my-react-storybook\\src\\component\\Loading-Spinner\\Loading-Spinner.tsx","statementMap":{"0":{"start":{"line":2,"column":0},"end":{"line":2,"column":47}},"1":{"start":{"line":15,"column":47},"end":{"line":37,"column":1}},"2":{"start":{"line":21,"column":2},"end":{"line":21,"column":30}},"3":{"start":{"line":21,"column":18},"end":{"line":21,"column":30}},"4":{"start":{"line":23,"column":37},"end":{"line":25,"column":4}},"5":{"start":{"line":27,"column":2},"end":{"line":36,"column":4}},"6":{"start":{"line":39,"column":0},"end":{"line":39,"column":30}}},"fnMap":{"0":{"name":"(anonymous_0)","decl":{"start":{"line":15,"column":47},"end":{"line":15,"column":48}},"loc":{"start":{"line":20,"column":5},"end":{"line":37,"column":1}}}},"branchMap":{"0":{"loc":{"start":{"line":16,"column":2},"end":{"line":16,"column":19}},"type":"default-arg","locations":[{"start":{"line":16,"column":14},"end":{"line":16,"column":19}}]},"1":{"loc":{"start":{"line":17,"column":2},"end":{"line":17,"column":51}},"type":"default-arg","locations":[{"start":{"line":17,"column":17},"end":{"line":17,"column":51}}]},"2":{"loc":{"start":{"line":18,"column":2},"end":{"line":18,"column":21}},"type":"default-arg","locations":[{"start":{"line":18,"column":16},"end":{"line":18,"column":21}}]},"3":{"loc":{"start":{"line":19,"column":2},"end":{"line":19,"column":13}},"type":"default-arg","locations":[{"start":{"line":19,"column":11},"end":{"line":19,"column":13}}]},"4":{"loc":{"start":{"line":21,"column":2},"end":{"line":21,"column":30}},"type":"if","locations":[{"start":{"line":21,"column":2},"end":{"line":21,"column":30}}]},"5":{"loc":{"start":{"line":31,"column":18},"end":{"line":31,"column":38}},"type":"cond-expr","locations":[{"start":{"line":31,"column":32},"end":{"line":31,"column":33}},{"start":{"line":31,"column":36},"end":{"line":31,"column":38}}]}},"s":{"0":1,"1":1,"2":7,"3":3,"4":4,"5":4,"6":1},"f":{"0":7},"b":{"0":[1],"1":[5],"2":[5],"3":[6],"4":[3],"5":[1,3]}}
,"C:\\Users\\cjqxs\\OneDrive\\Desktop\\ui-react\\my-react-storybook\\src\\component\\Modal\\Modal.tsx": {"path":"C:\\Users\\cjqxs\\OneDrive\\Desktop\\ui-react\\my-react-storybook\\src\\component\\Modal\\Modal.tsx","statementMap":{"0":{"start":{"line":1,"column":0},"end":{"line":1,"column":49}},"1":{"start":{"line":2,"column":0},"end":{"line":2,"column":33}},"2":{"start":{"line":3,"column":0},"end":{"line":3,"column":38}},"3":{"start":{"line":26,"column":36},"end":{"line":130,"column":1}},"4":{"start":{"line":42,"column":44},"end":{"line":42,"column":76}},"5":{"start":{"line":43,"column":21},"end":{"line":43,"column":56}},"6":{"start":{"line":45,"column":22},"end":{"line":45,"column":56}},"7":{"start":{"line":46,"column":23},"end":{"line":46,"column":40}},"8":{"start":{"line":48,"column":2},"end":{"line":67,"column":63}},"9":{"start":{"line":49,"column":4},"end":{"line":62,"column":5}},"10":{"start":{"line":50,"column":6},"end":{"line":51,"column":46}},"11":{"start":{"line":53,"column":6},"end":{"line":53,"column":75}},"12":{"start":{"line":55,"column":6},"end":{"line":55,"column":34}},"13":{"start":{"line":57,"column":6},"end":{"line":57,"column":70}},"14":{"start":{"line":59,"column":6},"end":{"line":61,"column":7}},"15":{"start":{"line":60,"column":8},"end":{"line":60,"column":59}},"16":{"start":{"line":64,"column":4},"end":{"line":66,"column":6}},"17":{"start":{"line":65,"column":6},"end":{"line":65,"column":70}},"18":{"start":{"line":69,"column":29},"end":{"line":77,"column":3}},"19":{"start":{"line":70,"column":4},"end":{"line":76,"column":5}},"20":{"start":{"line":75,"column":6},"end":{"line":75,"column":16}},"21":{"start":{"line":79,"column":2},"end":{"line":92,"column":19}},"22":{"start":{"line":80,"column":4},"end":{"line":88,"column":5}},"23":{"start":{"line":81,"column":6},"end":{"line":81,"column":65}},"24":{"start":{"line":82,"column":6},"end":{"line":87,"column":9}},"25":{"start":{"line":83,"column":8},"end":{"line":86,"column":9}},"26":{"start":{"line":84,"column":10},"end":{"line":84,"column":33}},"27":{"start":{"line":85,"column":10},"end":{"line":85,"column":20}},"28":{"start":{"line":89,"column":4},"end":{"line":91,"column":6}},"29":{"start":{"line":90,"column":6},"end":{"line":90,"column":68}},"30":{"start":{"line":94,"column":2},"end":{"line":94,"column":31}},"31":{"start":{"line":94,"column":19},"end":{"line":94,"column":31}},"32":{"start":{"line":96,"column":2},"end":{"line":129,"column":4}},"33":{"start":{"line":117,"column":16},"end":{"line":117,"column":36}},"34":{"start":{"line":118,"column":16},"end":{"line":118,"column":26}},"35":{"start":{"line":132,"column":0},"end":{"line":132,"column":21}}},"fnMap":{"0":{"name":"(anonymous_1)","decl":{"start":{"line":26,"column":36},"end":{"line":26,"column":37}},"loc":{"start":{"line":41,"column":5},"end":{"line":130,"column":1}}},"1":{"name":"(anonymous_2)","decl":{"start":{"line":48,"column":12},"end":{"line":48,"column":15}},"loc":{"start":{"line":48,"column":17},"end":{"line":67,"column":3}}},"2":{"name":"(anonymous_3)","decl":{"start":{"line":64,"column":11},"end":{"line":64,"column":14}},"loc":{"start":{"line":64,"column":16},"end":{"line":66,"column":5}}},"3":{"name":"(anonymous_4)","decl":{"start":{"line":69,"column":29},"end":{"line":69,"column":30}},"loc":{"start":{"line":69,"column":51},"end":{"line":77,"column":3}}},"4":{"name":"(anonymous_5)","decl":{"start":{"line":79,"column":12},"end":{"line":79,"column":15}},"loc":{"start":{"line":79,"column":17},"end":{"line":92,"column":3}}},"5":{"name":"(anonymous_6)","decl":{"start":{"line":82,"column":43},"end":{"line":82,"column":44}},"loc":{"start":{"line":82,"column":53},"end":{"line":87,"column":7}}},"6":{"name":"(anonymous_7)","decl":{"start":{"line":89,"column":11},"end":{"line":89,"column":14}},"loc":{"start":{"line":89,"column":16},"end":{"line":91,"column":5}}},"7":{"name":"(anonymous_8)","decl":{"start":{"line":116,"column":23},"end":{"line":116,"column":24}},"loc":{"start":{"line":116,"column":29},"end":{"line":119,"column":15}}}},"branchMap":{"0":{"loc":{"start":{"line":28,"column":2},"end":{"line":28,"column":20}},"type":"default-arg","locations":[{"start":{"line":28,"column":16},"end":{"line":28,"column":20}}]},"1":{"loc":{"start":{"line":29,"column":2},"end":{"line":29,"column":44}},"type":"default-arg","locations":[{"start":{"line":29,"column":16},"end":{"line":29,"column":44}}]},"2":{"loc":{"start":{"line":32,"column":2},"end":{"line":32,"column":20}},"type":"default-arg","locations":[{"start":{"line":32,"column":15},"end":{"line":32,"column":20}}]},"3":{"loc":{"start":{"line":33,"column":2},"end":{"line":33,"column":21}},"type":"default-arg","locations":[{"start":{"line":33,"column":15},"end":{"line":33,"column":21}}]},"4":{"loc":{"start":{"line":34,"column":2},"end":{"line":34,"column":22}},"type":"default-arg","locations":[{"start":{"line":34,"column":17},"end":{"line":34,"column":22}}]},"5":{"loc":{"start":{"line":35,"column":2},"end":{"line":35,"column":17}},"type":"default-arg","locations":[{"start":{"line":35,"column":12},"end":{"line":35,"column":17}}]},"6":{"loc":{"start":{"line":36,"column":2},"end":{"line":36,"column":37}},"type":"default-arg","locations":[{"start":{"line":36,"column":33},"end":{"line":36,"column":37}}]},"7":{"loc":{"start":{"line":37,"column":2},"end":{"line":37,"column":21}},"type":"default-arg","locations":[{"start":{"line":37,"column":19},"end":{"line":37,"column":21}}]},"8":{"loc":{"start":{"line":38,"column":2},"end":{"line":38,"column":14}},"type":"default-arg","locations":[{"start":{"line":38,"column":12},"end":{"line":38,"column":14}}]},"9":{"loc":{"start":{"line":45,"column":22},"end":{"line":45,"column":56}},"type":"cond-expr","locations":[{"start":{"line":45,"column":32},"end":{"line":45,"column":45}},{"start":{"line":45,"column":48},"end":{"line":45,"column":56}}]},"10":{"loc":{"start":{"line":49,"column":4},"end":{"line":62,"column":5}},"type":"if","locations":[{"start":{"line":49,"column":4},"end":{"line":62,"column":5}},{"start":{"line":56,"column":11},"end":{"line":62,"column":5}}]},"11":{"loc":{"start":{"line":59,"column":6},"end":{"line":61,"column":7}},"type":"if","locations":[{"start":{"line":59,"column":6},"end":{"line":61,"column":7}}]},"12":{"loc":{"start":{"line":70,"column":4},"end":{"line":76,"column":5}},"type":"if","locations":[{"start":{"line":70,"column":4},"end":{"line":76,"column":5}}]},"13":{"loc":{"start":{"line":71,"column":6},"end":{"line":73,"column":56}},"type":"binary-expr","locations":[{"start":{"line":71,"column":6},"end":{"line":71,"column":17}},{"start":{"line":72,"column":6},"end":{"line":72,"column":24}},{"start":{"line":73,"column":6},"end":{"line":73,"column":56}}]},"14":{"loc":{"start":{"line":80,"column":4},"end":{"line":88,"column":5}},"type":"if","locations":[{"start":{"line":80,"column":4},"end":{"line":88,"column":5}}]},"15":{"loc":{"start":{"line":83,"column":8},"end":{"line":86,"column":9}},"type":"if","locations":[{"start":{"line":83,"column":8},"end":{"line":86,"column":9}}]},"16":{"loc":{"start":{"line":94,"column":2},"end":{"line":94,"column":31}},"type":"if","locations":[{"start":{"line":94,"column":2},"end":{"line":94,"column":31}}]},"17":{"loc":{"start":{"line":99,"column":8},"end":{"line":99,"column":null}},"type":"cond-expr","locations":[{"start":{"line":99,"column":33},"end":{"line":99,"column":50}},{"start":{"line":99,"column":53},"end":{"line":99,"column":null}}]},"18":{"loc":{"start":{"line":112,"column":11},"end":{"line":122,"column":null}},"type":"binary-expr","locations":[{"start":{"line":112,"column":11},"end":{"line":112,"column":22}},{"start":{"line":113,"column":12},"end":{"line":121,"column":null}}]}},"s":{"0":1,"1":1,"2":1,"3":1,"4":8,"5":8,"6":8,"7":8,"8":8,"9":8,"10":7,"11":7,"12":7,"13":1,"14":1,"15":1,"16":8,"17":8,"18":8,"19":2,"20":1,"21":8,"22":8,"23":7,"24":7,"25":3,"26":3,"27":3,"28":8,"29":8,"30":8,"31":1,"32":7,"33":2,"34":2,"35":1},"f":{"0":8,"1":8,"2":8,"3":2,"4":8,"5":3,"6":8,"7":2},"b":{"0":[8],"1":[8],"2":[6],"3":[8],"4":[8],"5":[8],"6":[8],"7":[8],"8":[8],"9":[0,8],"10":[7,1],"11":[1],"12":[1],"13":[2,1,1],"14":[7],"15":[3],"16":[1],"17":[7,0],"18":[7,7]}}
,"C:\\Users\\cjqxs\\OneDrive\\Desktop\\ui-react\\my-react-storybook\\src\\component\\Tab\\Tab.tsx": {"path":"C:\\Users\\cjqxs\\OneDrive\\Desktop\\ui-react\\my-react-storybook\\src\\component\\Tab\\Tab.tsx","statementMap":{"0":{"start":{"line":38,"column":0},"end":{"line":38,"column":16}},"1":{"start":{"line":49,"column":0},"end":{"line":49,"column":16}},"2":{"start":{"line":1,"column":0},"end":{"line":1,"column":null}},"3":{"start":{"line":10,"column":0},"end":{"line":10,"column":36}},"4":{"start":{"line":33,"column":19},"end":{"line":36,"column":15}},"5":{"start":{"line":39,"column":40},"end":{"line":39,"column":52}},"6":{"start":{"line":41,"column":2},"end":{"line":45,"column":4}},"7":{"start":{"line":50,"column":18},"end":{"line":50,"column":40}},"8":{"start":{"line":51,"column":2},"end":{"line":53,"column":3}},"9":{"start":{"line":52,"column":4},"end":{"line":52,"column":72}},"10":{"start":{"line":54,"column":2},"end":{"line":54,"column":17}},"11":{"start":{"line":60,"column":2},"end":{"line":63,"column":4}},"12":{"start":{"line":71,"column":37},"end":{"line":71,"column":52}},"13":{"start":{"line":72,"column":26},"end":{"line":72,"column":62}},"14":{"start":{"line":73,"column":46},"end":{"line":73,"column":61}},"15":{"start":{"line":74,"column":52},"end":{"line":74,"column":64}},"16":{"start":{"line":76,"column":2},"end":{"line":78,"column":30}},"17":{"start":{"line":77,"column":4},"end":{"line":77,"column":26}},"18":{"start":{"line":80,"column":31},"end":{"line":89,"column":6}},"19":{"start":{"line":83,"column":25},"end":{"line":83,"column":60}},"20":{"start":{"line":84,"column":6},"end":{"line":88,"column":8}},"21":{"start":{"line":92,"column":4},"end":{"line":92,"column":21}},"22":{"start":{"line":96,"column":4},"end":{"line":98,"column":5}},"23":{"start":{"line":97,"column":6},"end":{"line":97,"column":57}},"24":{"start":{"line":99,"column":4},"end":{"line":99,"column":28}},"25":{"start":{"line":100,"column":4},"end":{"line":100,"column":44}},"26":{"start":{"line":101,"column":4},"end":{"line":101,"column":27}},"27":{"start":{"line":109,"column":4},"end":{"line":118,"column":5}},"28":{"start":{"line":110,"column":6},"end":{"line":110,"column":29}},"29":{"start":{"line":111,"column":6},"end":{"line":111,"column":29}},"30":{"start":{"line":112,"column":11},"end":{"line":118,"column":5}},"31":{"start":{"line":113,"column":6},"end":{"line":113,"column":29}},"32":{"start":{"line":114,"column":6},"end":{"line":114,"column":27}},"33":{"start":{"line":115,"column":11},"end":{"line":118,"column":5}},"34":{"start":{"line":116,"column":6},"end":{"line":116,"column":29}},"35":{"start":{"line":117,"column":6},"end":{"line":117,"column":27}},"36":{"start":{"line":122,"column":4},"end":{"line":125,"column":5}},"37":{"start":{"line":123,"column":6},"end":{"line":123,"column":34}},"38":{"start":{"line":124,"column":6},"end":{"line":124,"column":46}},"39":{"start":{"line":128,"column":2},"end":{"line":176,"column":4}},"40":{"start":{"line":136,"column":10},"end":{"line":137,"column":null}},"41":{"start":{"line":139,"column":14},"end":{"line":139,"column":50}},"42":{"start":{"line":146,"column":27},"end":{"line":146,"column":59}},"43":{"start":{"line":147,"column":26},"end":{"line":147,"column":50}},"44":{"start":{"line":148,"column":27},"end":{"line":148,"column":54}},"45":{"start":{"line":149,"column":34},"end":{"line":149,"column":68}},"46":{"start":{"line":166,"column":10},"end":{"line":171,"column":11}},"47":{"start":{"line":170,"column":12},"end":{"line":170,"column":25}},"48":{"start":{"line":172,"column":10},"end":{"line":172,"column":22}},"49":{"start":{"line":179,"column":0},"end":{"line":179,"column":24}}},"fnMap":{"0":{"name":"TabProvider","decl":{"start":{"line":38,"column":16},"end":{"line":38,"column":27}},"loc":{"start":{"line":38,"column":65},"end":{"line":46,"column":1}}},"1":{"name":"useTabContext","decl":{"start":{"line":49,"column":16},"end":{"line":49,"column":29}},"loc":{"start":{"line":49,"column":29},"end":{"line":55,"column":1}}},"2":{"name":"isValidTabElement","decl":{"start":{"line":57,"column":9},"end":{"line":57,"column":26}},"loc":{"start":{"line":58,"column":18},"end":{"line":64,"column":1}}},"3":{"name":"TabPanel","decl":{"start":{"line":66,"column":9},"end":{"line":66,"column":17}},"loc":{"start":{"line":70,"column":16},"end":{"line":177,"column":1}}},"4":{"name":"(anonymous_13)","decl":{"start":{"line":76,"column":12},"end":{"line":76,"column":15}},"loc":{"start":{"line":76,"column":17},"end":{"line":78,"column":3}}},"5":{"name":"(anonymous_14)","decl":{"start":{"line":82,"column":9},"end":{"line":82,"column":10}},"loc":{"start":{"line":82,"column":19},"end":{"line":89,"column":5}}},"6":{"name":"handleSelectTab","decl":{"start":{"line":91,"column":11},"end":{"line":91,"column":26}},"loc":{"start":{"line":91,"column":40},"end":{"line":93,"column":3}}},"7":{"name":"handleClickTabItem","decl":{"start":{"line":95,"column":11},"end":{"line":95,"column":29}},"loc":{"start":{"line":95,"column":58},"end":{"line":102,"column":3}}},"8":{"name":"handleKeyDown","decl":{"start":{"line":104,"column":11},"end":{"line":104,"column":24}},"loc":{"start":{"line":107,"column":17},"end":{"line":119,"column":3}}},"9":{"name":"moveFocus","decl":{"start":{"line":121,"column":11},"end":{"line":121,"column":20}},"loc":{"start":{"line":121,"column":34},"end":{"line":126,"column":3}}},"10":{"name":"(anonymous_19)","decl":{"start":{"line":135,"column":18},"end":{"line":135,"column":19}},"loc":{"start":{"line":136,"column":10},"end":{"line":137,"column":null}}},"11":{"name":"(anonymous_20)","decl":{"start":{"line":138,"column":17},"end":{"line":138,"column":18}},"loc":{"start":{"line":138,"column":24},"end":{"line":140,"column":13}}},"12":{"name":"(anonymous_21)","decl":{"start":{"line":146,"column":21},"end":{"line":146,"column":24}},"loc":{"start":{"line":146,"column":27},"end":{"line":146,"column":59}}},"13":{"name":"(anonymous_22)","decl":{"start":{"line":147,"column":20},"end":{"line":147,"column":23}},"loc":{"start":{"line":147,"column":26},"end":{"line":147,"column":50}}},"14":{"name":"(anonymous_23)","decl":{"start":{"line":148,"column":21},"end":{"line":148,"column":24}},"loc":{"start":{"line":148,"column":27},"end":{"line":148,"column":54}}},"15":{"name":"(anonymous_24)","decl":{"start":{"line":149,"column":23},"end":{"line":149,"column":24}},"loc":{"start":{"line":149,"column":34},"end":{"line":149,"column":68}}},"16":{"name":"(anonymous_25)","decl":{"start":{"line":165,"column":46},"end":{"line":165,"column":47}},"loc":{"start":{"line":165,"column":56},"end":{"line":173,"column":9}}}},"branchMap":{"0":{"loc":{"start":{"line":51,"column":2},"end":{"line":53,"column":3}},"type":"if","locations":[{"start":{"line":51,"column":2},"end":{"line":53,"column":3}}]},"1":{"loc":{"start":{"line":61,"column":4},"end":{"line":62,"column":67}},"type":"binary-expr","locations":[{"start":{"line":61,"column":4},"end":{"line":61,"column":31}},{"start":{"line":62,"column":5},"end":{"line":62,"column":67}}]},"2":{"loc":{"start":{"line":68,"column":2},"end":{"line":68,"column":39}},"type":"default-arg","locations":[{"start":{"line":68,"column":17},"end":{"line":68,"column":39}}]},"3":{"loc":{"start":{"line":96,"column":4},"end":{"line":98,"column":5}},"type":"if","locations":[{"start":{"line":96,"column":4},"end":{"line":98,"column":5}}]},"4":{"loc":{"start":{"line":109,"column":4},"end":{"line":118,"column":5}},"type":"if","locations":[{"start":{"line":109,"column":4},"end":{"line":118,"column":5}},{"start":{"line":112,"column":11},"end":{"line":118,"column":5}}]},"5":{"loc":{"start":{"line":109,"column":8},"end":{"line":109,"column":50}},"type":"binary-expr","locations":[{"start":{"line":109,"column":8},"end":{"line":109,"column":29}},{"start":{"line":109,"column":33},"end":{"line":109,"column":50}}]},"6":{"loc":{"start":{"line":112,"column":11},"end":{"line":118,"column":5}},"type":"if","locations":[{"start":{"line":112,"column":11},"end":{"line":118,"column":5}},{"start":{"line":115,"column":11},"end":{"line":118,"column":5}}]},"7":{"loc":{"start":{"line":112,"column":15},"end":{"line":112,"column":70}},"type":"binary-expr","locations":[{"start":{"line":112,"column":15},"end":{"line":112,"column":41}},{"start":{"line":112,"column":45},"end":{"line":112,"column":70}}]},"8":{"loc":{"start":{"line":115,"column":11},"end":{"line":118,"column":5}},"type":"if","locations":[{"start":{"line":115,"column":11},"end":{"line":118,"column":5}}]},"9":{"loc":{"start":{"line":115,"column":15},"end":{"line":115,"column":67}},"type":"binary-expr","locations":[{"start":{"line":115,"column":15},"end":{"line":115,"column":40}},{"start":{"line":115,"column":44},"end":{"line":115,"column":67}}]},"10":{"loc":{"start":{"line":122,"column":4},"end":{"line":125,"column":5}},"type":"if","locations":[{"start":{"line":122,"column":4},"end":{"line":125,"column":5}}]},"11":{"loc":{"start":{"line":122,"column":8},"end":{"line":122,"column":41}},"type":"binary-expr","locations":[{"start":{"line":122,"column":8},"end":{"line":122,"column":18}},{"start":{"line":122,"column":22},"end":{"line":122,"column":41}}]},"12":{"loc":{"start":{"line":142,"column":14},"end":{"line":142,"column":null}},"type":"cond-expr","locations":[{"start":{"line":142,"column":38},"end":{"line":142,"column":52}},{"start":{"line":142,"column":55},"end":{"line":142,"column":null}}]},"13":{"loc":{"start":{"line":144,"column":22},"end":{"line":144,"column":52}},"type":"cond-expr","locations":[{"start":{"line":144,"column":46},"end":{"line":144,"column":47}},{"start":{"line":144,"column":50},"end":{"line":144,"column":52}}]},"14":{"loc":{"start":{"line":156,"column":26},"end":{"line":156,"column":60}},"type":"binary-expr","locations":[{"start":{"line":156,"column":26},"end":{"line":156,"column":48}},{"start":{"line":156,"column":52},"end":{"line":156,"column":60}}]},"15":{"loc":{"start":{"line":166,"column":10},"end":{"line":171,"column":11}},"type":"if","locations":[{"start":{"line":166,"column":10},"end":{"line":171,"column":11}}]},"16":{"loc":{"start":{"line":167,"column":12},"end":{"line":168,"column":45}},"type":"binary-expr","locations":[{"start":{"line":167,"column":12},"end":{"line":167,"column":58}},{"start":{"line":168,"column":12},"end":{"line":168,"column":45}}]}},"s":{"0":1,"1":1,"2":1,"3":1,"4":1,"5":15,"6":15,"7":18,"8":18,"9":0,"10":18,"11":54,"12":18,"13":18,"14":18,"15":18,"16":18,"17":6,"18":18,"19":54,"20":54,"21":3,"22":1,"23":0,"24":1,"25":1,"26":1,"27":5,"28":2,"29":2,"30":3,"31":2,"32":2,"33":1,"34":1,"35":1,"36":3,"37":3,"38":3,"39":18,"40":54,"41":108,"42":1,"43":2,"44":4,"45":5,"46":54,"47":12,"48":42,"49":1},"f":{"0":15,"1":18,"2":54,"3":18,"4":6,"5":54,"6":3,"7":1,"8":5,"9":3,"10":54,"11":108,"12":1,"13":2,"14":4,"15":5,"16":54},"b":{"0":[0],"1":[54,54],"2":[0],"3":[0],"4":[2,3],"5":[5,4],"6":[2,1],"7":[3,1],"8":[1],"9":[1,0],"10":[3],"11":[3,3],"12":[12,42],"13":[12,42],"14":[54,54],"15":[12],"16":[54,54]}}
,"C:\\Users\\cjqxs\\OneDrive\\Desktop\\ui-react\\my-react-storybook\\src\\component\\Toggle\\Toggle.tsx": {"path":"C:\\Users\\cjqxs\\OneDrive\\Desktop\\ui-react\\my-react-storybook\\src\\component\\Toggle\\Toggle.tsx","statementMap":{"0":{"start":{"line":1,"column":0},"end":{"line":1,"column":40}},"1":{"start":{"line":2,"column":0},"end":{"line":2,"column":38}},"2":{"start":{"line":3,"column":0},"end":{"line":3,"column":39}},"3":{"start":{"line":25,"column":32},"end":{"line":63,"column":1}},"4":{"start":{"line":34,"column":40},"end":{"line":34,"column":59}},"5":{"start":{"line":36,"column":23},"end":{"line":39,"column":3}},"6":{"start":{"line":37,"column":4},"end":{"line":37,"column":36}},"7":{"start":{"line":37,"column":29},"end":{"line":37,"column":34}},"8":{"start":{"line":38,"column":4},"end":{"line":38,"column":29}},"9":{"start":{"line":41,"column":2},"end":{"line":62,"column":4}},"10":{"start":{"line":65,"column":0},"end":{"line":65,"column":22}}},"fnMap":{"0":{"name":"(anonymous_1)","decl":{"start":{"line":25,"column":32},"end":{"line":25,"column":33}},"loc":{"start":{"line":33,"column":5},"end":{"line":63,"column":1}}},"1":{"name":"(anonymous_2)","decl":{"start":{"line":36,"column":23},"end":{"line":36,"column":26}},"loc":{"start":{"line":36,"column":28},"end":{"line":39,"column":3}}},"2":{"name":"(anonymous_3)","decl":{"start":{"line":37,"column":19},"end":{"line":37,"column":20}},"loc":{"start":{"line":37,"column":29},"end":{"line":37,"column":34}}}},"branchMap":{"0":{"loc":{"start":{"line":26,"column":2},"end":{"line":26,"column":69}},"type":"default-arg","locations":[{"start":{"line":26,"column":17},"end":{"line":26,"column":69}}]},"1":{"loc":{"start":{"line":27,"column":2},"end":{"line":27,"column":65}},"type":"default-arg","locations":[{"start":{"line":27,"column":13},"end":{"line":27,"column":65}}]},"2":{"loc":{"start":{"line":28,"column":2},"end":{"line":28,"column":18}},"type":"default-arg","locations":[{"start":{"line":28,"column":14},"end":{"line":28,"column":18}}]},"3":{"loc":{"start":{"line":29,"column":2},"end":{"line":29,"column":19}},"type":"default-arg","locations":[{"start":{"line":29,"column":17},"end":{"line":29,"column":19}}]},"4":{"loc":{"start":{"line":32,"column":2},"end":{"line":32,"column":16}},"type":"default-arg","locations":[{"start":{"line":32,"column":14},"end":{"line":32,"column":16}}]},"5":{"loc":{"start":{"line":44,"column":7},"end":{"line":44,"column":77}},"type":"binary-expr","locations":[{"start":{"line":44,"column":7},"end":{"line":44,"column":19}},{"start":{"line":44,"column":23},"end":{"line":44,"column":77}}]},"6":{"loc":{"start":{"line":51,"column":23},"end":{"line":51,"column":72}},"type":"cond-expr","locations":[{"start":{"line":51,"column":37},"end":{"line":51,"column":52}},{"start":{"line":51,"column":55},"end":{"line":51,"column":72}}]},"7":{"loc":{"start":{"line":54,"column":23},"end":{"line":56,"column":35}},"type":"cond-expr","locations":[{"start":{"line":55,"column":14},"end":{"line":55,"column":33}},{"start":{"line":56,"column":14},"end":{"line":56,"column":35}}]}},"s":{"0":1,"1":1,"2":1,"3":1,"4":11,"5":11,"6":4,"7":4,"8":4,"9":11,"10":1},"f":{"0":11,"1":4,"2":4},"b":{"0":[11],"1":[11],"2":[5],"3":[9],"4":[10],"5":[11,4],"6":[7,4],"7":[7,4]}}
,"C:\\Users\\cjqxs\\OneDrive\\Desktop\\ui-react\\my-react-storybook\\src\\component\\Tooltip\\Tooltip.tsx": {"path":"C:\\Users\\cjqxs\\OneDrive\\Desktop\\ui-react\\my-react-storybook\\src\\component\\Tooltip\\Tooltip.tsx","statementMap":{"0":{"start":{"line":1,"column":0},"end":{"line":1,"column":49}},"1":{"start":{"line":2,"column":0},"end":{"line":2,"column":60}},"2":{"start":{"line":3,"column":0},"end":{"line":3,"column":33}},"3":{"start":{"line":13,"column":40},"end":{"line":68,"column":1}},"4":{"start":{"line":20,"column":21},"end":{"line":20,"column":53}},"5":{"start":{"line":21,"column":24},"end":{"line":21,"column":58}},"6":{"start":{"line":22,"column":63},"end":{"line":34,"column":4}},"7":{"start":{"line":36,"column":2},"end":{"line":50,"column":31}},"8":{"start":{"line":37,"column":4},"end":{"line":37,"column":36}},"9":{"start":{"line":37,"column":29},"end":{"line":37,"column":36}},"10":{"start":{"line":38,"column":4},"end":{"line":42,"column":7}},"11":{"start":{"line":43,"column":4},"end":{"line":45,"column":5}},"12":{"start":{"line":44,"column":6},"end":{"line":44,"column":38}},"13":{"start":{"line":47,"column":4},"end":{"line":49,"column":6}},"14":{"start":{"line":48,"column":6},"end":{"line":48,"column":39}},"15":{"start":{"line":52,"column":2},"end":{"line":55,"column":13}},"16":{"start":{"line":53,"column":4},"end":{"line":53,"column":39}},"17":{"start":{"line":53,"column":32},"end":{"line":53,"column":39}},"18":{"start":{"line":54,"column":4},"end":{"line":54,"column":71}},"19":{"start":{"line":58,"column":2},"end":{"line":61,"column":13}},"20":{"start":{"line":59,"column":4},"end":{"line":59,"column":39}},"21":{"start":{"line":59,"column":32},"end":{"line":59,"column":39}},"22":{"start":{"line":60,"column":4},"end":{"line":60,"column":43}},"23":{"start":{"line":63,"column":2},"end":{"line":67,"column":4}},"24":{"start":{"line":70,"column":0},"end":{"line":70,"column":23}}},"fnMap":{"0":{"name":"(anonymous_1)","decl":{"start":{"line":13,"column":40},"end":{"line":13,"column":41}},"loc":{"start":{"line":19,"column":5},"end":{"line":68,"column":1}}},"1":{"name":"(anonymous_2)","decl":{"start":{"line":36,"column":12},"end":{"line":36,"column":15}},"loc":{"start":{"line":36,"column":17},"end":{"line":50,"column":3}}},"2":{"name":"(anonymous_3)","decl":{"start":{"line":47,"column":11},"end":{"line":47,"column":14}},"loc":{"start":{"line":47,"column":16},"end":{"line":49,"column":5}}},"3":{"name":"(anonymous_4)","decl":{"start":{"line":52,"column":12},"end":{"line":52,"column":15}},"loc":{"start":{"line":52,"column":17},"end":{"line":55,"column":3}}},"4":{"name":"(anonymous_5)","decl":{"start":{"line":58,"column":12},"end":{"line":58,"column":15}},"loc":{"start":{"line":58,"column":17},"end":{"line":61,"column":3}}}},"branchMap":{"0":{"loc":{"start":{"line":15,"column":2},"end":{"line":15,"column":14}},"type":"default-arg","locations":[{"start":{"line":15,"column":12},"end":{"line":15,"column":14}}]},"1":{"loc":{"start":{"line":16,"column":2},"end":{"line":16,"column":14}},"type":"default-arg","locations":[{"start":{"line":16,"column":9},"end":{"line":16,"column":14}}]},"2":{"loc":{"start":{"line":17,"column":2},"end":{"line":17,"column":17}},"type":"default-arg","locations":[{"start":{"line":17,"column":12},"end":{"line":17,"column":17}}]},"3":{"loc":{"start":{"line":37,"column":4},"end":{"line":37,"column":36}},"type":"if","locations":[{"start":{"line":37,"column":4},"end":{"line":37,"column":36}}]},"4":{"loc":{"start":{"line":43,"column":4},"end":{"line":45,"column":5}},"type":"if","locations":[{"start":{"line":43,"column":4},"end":{"line":45,"column":5}}]},"5":{"loc":{"start":{"line":53,"column":4},"end":{"line":53,"column":39}},"type":"if","locations":[{"start":{"line":53,"column":4},"end":{"line":53,"column":39}}]},"6":{"loc":{"start":{"line":54,"column":4},"end":{"line":54,"column":70}},"type":"cond-expr","locations":[{"start":{"line":54,"column":11},"end":{"line":54,"column":39}},{"start":{"line":54,"column":42},"end":{"line":54,"column":70}}]},"7":{"loc":{"start":{"line":59,"column":4},"end":{"line":59,"column":39}},"type":"if","locations":[{"start":{"line":59,"column":4},"end":{"line":59,"column":39}}]}},"s":{"0":1,"1":1,"2":1,"3":1,"4":7,"5":7,"6":7,"7":7,"8":7,"9":0,"10":7,"11":7,"12":1,"13":7,"14":7,"15":7,"16":6,"17":0,"18":6,"19":7,"20":6,"21":0,"22":6,"23":7,"24":1},"f":{"0":7,"1":7,"2":7,"3":6,"4":6},"b":{"0":[7],"1":[1],"2":[6],"3":[0],"4":[1],"5":[0],"6":[4,2],"7":[0]}}
,"C:\\Users\\cjqxs\\OneDrive\\Desktop\\ui-react\\my-react-storybook\\src\\component\\switch\\Switch.tsx": {"path":"C:\\Users\\cjqxs\\OneDrive\\Desktop\\ui-react\\my-react-storybook\\src\\component\\switch\\Switch.tsx","statementMap":{"0":{"start":{"line":1,"column":0},"end":{"line":1,"column":51}},"1":{"start":{"line":2,"column":0},"end":{"line":2,"column":39}},"2":{"start":{"line":12,"column":38},"end":{"line":56,"column":1}},"3":{"start":{"line":19,"column":36},"end":{"line":19,"column":53}},"4":{"start":{"line":21,"column":2},"end":{"line":23,"column":16}},"5":{"start":{"line":22,"column":4},"end":{"line":22,"column":26}},"6":{"start":{"line":25,"column":23},"end":{"line":32,"column":3}},"7":{"start":{"line":26,"column":4},"end":{"line":26,"column":25}},"8":{"start":{"line":26,"column":18},"end":{"line":26,"column":25}},"9":{"start":{"line":27,"column":4},"end":{"line":31,"column":7}},"10":{"start":{"line":28,"column":25},"end":{"line":28,"column":30}},"11":{"start":{"line":29,"column":6},"end":{"line":29,"column":29}},"12":{"start":{"line":30,"column":6},"end":{"line":30,"column":24}},"13":{"start":{"line":34,"column":24},"end":{"line":38,"column":3}},"14":{"start":{"line":35,"column":4},"end":{"line":37,"column":5}},"15":{"start":{"line":36,"column":6},"end":{"line":36,"column":21}},"16":{"start":{"line":40,"column":2},"end":{"line":55,"column":4}},"17":{"start":{"line":58,"column":0},"end":{"line":58,"column":22}}},"fnMap":{"0":{"name":"(anonymous_0)","decl":{"start":{"line":12,"column":38},"end":{"line":12,"column":39}},"loc":{"start":{"line":18,"column":5},"end":{"line":56,"column":1}}},"1":{"name":"(anonymous_1)","decl":{"start":{"line":21,"column":12},"end":{"line":21,"column":15}},"loc":{"start":{"line":21,"column":17},"end":{"line":23,"column":3}}},"2":{"name":"(anonymous_2)","decl":{"start":{"line":25,"column":23},"end":{"line":25,"column":26}},"loc":{"start":{"line":25,"column":28},"end":{"line":32,"column":3}}},"3":{"name":"(anonymous_3)","decl":{"start":{"line":27,"column":17},"end":{"line":27,"column":18}},"loc":{"start":{"line":27,"column":26},"end":{"line":31,"column":5}}},"4":{"name":"(anonymous_4)","decl":{"start":{"line":34,"column":24},"end":{"line":34,"column":25}},"loc":{"start":{"line":34,"column":73},"end":{"line":38,"column":3}}}},"branchMap":{"0":{"loc":{"start":{"line":14,"column":2},"end":{"line":14,"column":17}},"type":"default-arg","locations":[{"start":{"line":14,"column":12},"end":{"line":14,"column":17}}]},"1":{"loc":{"start":{"line":15,"column":2},"end":{"line":15,"column":11}},"type":"default-arg","locations":[{"start":{"line":15,"column":9},"end":{"line":15,"column":11}}]},"2":{"loc":{"start":{"line":16,"column":2},"end":{"line":16,"column":18}},"type":"default-arg","locations":[{"start":{"line":16,"column":13},"end":{"line":16,"column":18}}]},"3":{"loc":{"start":{"line":26,"column":4},"end":{"line":26,"column":25}},"type":"if","locations":[{"start":{"line":26,"column":4},"end":{"line":26,"column":25}}]},"4":{"loc":{"start":{"line":35,"column":4},"end":{"line":37,"column":5}},"type":"if","locations":[{"start":{"line":35,"column":4},"end":{"line":37,"column":5}}]},"5":{"loc":{"start":{"line":51,"column":9},"end":{"line":51,"column":60}},"type":"binary-expr","locations":[{"start":{"line":51,"column":9},"end":{"line":51,"column":13}},{"start":{"line":51,"column":17},"end":{"line":51,"column":60}}]}},"s":{"0":1,"1":1,"2":1,"3":13,"4":13,"5":7,"6":13,"7":6,"8":2,"9":4,"10":4,"11":4,"12":4,"13":13,"14":3,"15":3,"16":13,"17":1},"f":{"0":13,"1":7,"2":6,"3":4,"4":3},"b":{"0":[12],"1":[12],"2":[11],"3":[2],"4":[3],"5":[13,1]}}
}
