{"C:\\Users\\cjqxs\\OneDrive\\Desktop\\ui-react\\my-react-storybook\\src\\component\\switch\\Switch.tsx": {"path":"C:\\Users\\cjqxs\\OneDrive\\Desktop\\ui-react\\my-react-storybook\\src\\component\\switch\\Switch.tsx","statementMap":{"0":{"start":{"line":1,"column":0},"end":{"line":1,"column":51}},"1":{"start":{"line":2,"column":0},"end":{"line":2,"column":39}},"2":{"start":{"line":12,"column":38},"end":{"line":56,"column":1}},"3":{"start":{"line":19,"column":36},"end":{"line":19,"column":53}},"4":{"start":{"line":21,"column":2},"end":{"line":23,"column":16}},"5":{"start":{"line":22,"column":4},"end":{"line":22,"column":26}},"6":{"start":{"line":25,"column":23},"end":{"line":32,"column":3}},"7":{"start":{"line":26,"column":4},"end":{"line":26,"column":25}},"8":{"start":{"line":26,"column":18},"end":{"line":26,"column":25}},"9":{"start":{"line":27,"column":4},"end":{"line":31,"column":7}},"10":{"start":{"line":28,"column":25},"end":{"line":28,"column":30}},"11":{"start":{"line":29,"column":6},"end":{"line":29,"column":29}},"12":{"start":{"line":30,"column":6},"end":{"line":30,"column":24}},"13":{"start":{"line":34,"column":24},"end":{"line":38,"column":3}},"14":{"start":{"line":35,"column":4},"end":{"line":37,"column":5}},"15":{"start":{"line":36,"column":6},"end":{"line":36,"column":21}},"16":{"start":{"line":40,"column":2},"end":{"line":55,"column":4}},"17":{"start":{"line":58,"column":0},"end":{"line":58,"column":22}}},"fnMap":{"0":{"name":"(anonymous_0)","decl":{"start":{"line":12,"column":38},"end":{"line":12,"column":39}},"loc":{"start":{"line":18,"column":5},"end":{"line":56,"column":1}}},"1":{"name":"(anonymous_1)","decl":{"start":{"line":21,"column":12},"end":{"line":21,"column":15}},"loc":{"start":{"line":21,"column":17},"end":{"line":23,"column":3}}},"2":{"name":"(anonymous_2)","decl":{"start":{"line":25,"column":23},"end":{"line":25,"column":26}},"loc":{"start":{"line":25,"column":28},"end":{"line":32,"column":3}}},"3":{"name":"(anonymous_3)","decl":{"start":{"line":27,"column":17},"end":{"line":27,"column":18}},"loc":{"start":{"line":27,"column":26},"end":{"line":31,"column":5}}},"4":{"name":"(anonymous_4)","decl":{"start":{"line":34,"column":24},"end":{"line":34,"column":25}},"loc":{"start":{"line":34,"column":73},"end":{"line":38,"column":3}}}},"branchMap":{"0":{"loc":{"start":{"line":14,"column":2},"end":{"line":14,"column":17}},"type":"default-arg","locations":[{"start":{"line":14,"column":12},"end":{"line":14,"column":17}}]},"1":{"loc":{"start":{"line":15,"column":2},"end":{"line":15,"column":11}},"type":"default-arg","locations":[{"start":{"line":15,"column":9},"end":{"line":15,"column":11}}]},"2":{"loc":{"start":{"line":16,"column":2},"end":{"line":16,"column":18}},"type":"default-arg","locations":[{"start":{"line":16,"column":13},"end":{"line":16,"column":18}}]},"3":{"loc":{"start":{"line":26,"column":4},"end":{"line":26,"column":25}},"type":"if","locations":[{"start":{"line":26,"column":4},"end":{"line":26,"column":25}}]},"4":{"loc":{"start":{"line":35,"column":4},"end":{"line":37,"column":5}},"type":"if","locations":[{"start":{"line":35,"column":4},"end":{"line":37,"column":5}}]},"5":{"loc":{"start":{"line":51,"column":9},"end":{"line":51,"column":60}},"type":"binary-expr","locations":[{"start":{"line":51,"column":9},"end":{"line":51,"column":13}},{"start":{"line":51,"column":17},"end":{"line":51,"column":60}}]}},"s":{"0":1,"1":1,"2":1,"3":13,"4":13,"5":7,"6":13,"7":6,"8":2,"9":4,"10":4,"11":4,"12":4,"13":13,"14":3,"15":3,"16":13,"17":1},"f":{"0":13,"1":7,"2":6,"3":4,"4":3},"b":{"0":[12],"1":[12],"2":[11],"3":[2],"4":[3],"5":[13,1]}}
}
