TN:
SF:src\component\Button\Button.tsx
FN:21,(anonymous_0)
FN:34,(anonymous_1)
FNF:2
FNH:2
FNDA:16,(anonymous_0)
FNDA:6,(anonymous_1)
DA:2,2
DA:21,2
DA:29,16
DA:35,6
DA:36,6
DA:51,2
LF:6
LH:6
BRDA:22,0,0,3
BRDA:23,1,0,4
BRDA:24,2,0,5
BRDA:25,3,0,5
BRDA:39,4,0,12
BRDA:39,4,1,4
BRF:6
BRH:6
end_of_record
TN:
SF:src\component\Toggle\Toggle.tsx
FN:25,(anonymous_1)
FN:36,(anonymous_2)
FN:37,(anonymous_3)
FNF:3
FNH:3
FNDA:11,(anonymous_1)
FNDA:4,(anonymous_2)
FNDA:4,(anonymous_3)
DA:1,1
DA:2,1
DA:3,1
DA:25,1
DA:34,11
DA:36,11
DA:37,4
DA:38,4
DA:41,11
DA:65,1
LF:10
LH:10
BRDA:26,0,0,11
BRDA:27,1,0,11
BRDA:28,2,0,5
BRDA:29,3,0,9
BRDA:32,4,0,10
BRDA:44,5,0,11
BRDA:44,5,1,4
BRDA:51,6,0,7
BRDA:51,6,1,4
BRDA:54,7,0,7
BRDA:54,7,1,4
BRF:11
BRH:11
end_of_record
TN:
SF:src\component\switch\Switch.tsx
FN:12,(anonymous_0)
FN:21,(anonymous_1)
FN:25,(anonymous_2)
FN:27,(anonymous_3)
FN:34,(anonymous_4)
FNF:5
FNH:5
FNDA:13,(anonymous_0)
FNDA:7,(anonymous_1)
FNDA:6,(anonymous_2)
FNDA:4,(anonymous_3)
FNDA:3,(anonymous_4)
DA:1,1
DA:2,1
DA:12,1
DA:19,13
DA:21,13
DA:22,7
DA:25,13
DA:26,6
DA:27,4
DA:28,4
DA:29,4
DA:30,4
DA:34,13
DA:35,3
DA:36,3
DA:40,13
DA:58,1
LF:17
LH:17
BRDA:14,0,0,12
BRDA:15,1,0,12
BRDA:16,2,0,11
BRDA:26,3,0,2
BRDA:35,4,0,3
BRDA:51,5,0,13
BRDA:51,5,1,1
BRF:7
BRH:7
end_of_record
