TN:
SF:src\component\Button\Button.tsx
FN:21,(anonymous_0)
FN:34,(anonymous_1)
FNF:2
FNH:2
FNDA:16,(anonymous_0)
FNDA:6,(anonymous_1)
DA:2,2
DA:21,2
DA:29,16
DA:35,6
DA:36,6
DA:51,2
LF:6
LH:6
BRDA:22,0,0,3
BRDA:23,1,0,4
BRDA:24,2,0,5
BRDA:25,3,0,5
BRDA:39,4,0,12
BRDA:39,4,1,4
BRF:6
BRH:6
end_of_record
TN:
SF:src\component\Loading-Spinner\Loading-Spinner.tsx
FN:15,(anonymous_0)
FNF:1
FNH:1
FNDA:7,(anonymous_0)
DA:2,1
DA:15,1
DA:21,7
DA:23,4
DA:27,4
DA:39,1
LF:6
LH:6
BRDA:16,0,0,1
BRDA:17,1,0,5
BRDA:18,2,0,5
BRDA:19,3,0,6
BRDA:21,4,0,3
BRDA:31,5,0,1
BRDA:31,5,1,3
BRF:7
BRH:7
end_of_record
TN:
SF:src\component\Modal\Modal.tsx
FN:26,(anonymous_1)
FN:48,(anonymous_2)
FN:64,(anonymous_3)
FN:69,(anonymous_4)
FN:79,(anonymous_5)
FN:82,(anonymous_6)
FN:89,(anonymous_7)
FN:116,(anonymous_8)
FNF:8
FNH:8
FNDA:8,(anonymous_1)
FNDA:8,(anonymous_2)
FNDA:8,(anonymous_3)
FNDA:2,(anonymous_4)
FNDA:8,(anonymous_5)
FNDA:3,(anonymous_6)
FNDA:8,(anonymous_7)
FNDA:2,(anonymous_8)
DA:1,1
DA:2,1
DA:3,1
DA:26,1
DA:42,8
DA:43,8
DA:45,8
DA:46,8
DA:48,8
DA:49,8
DA:50,7
DA:53,7
DA:55,7
DA:57,1
DA:59,1
DA:60,1
DA:64,8
DA:65,8
DA:69,8
DA:70,2
DA:75,1
DA:79,8
DA:80,8
DA:81,7
DA:82,7
DA:83,3
DA:84,3
DA:85,3
DA:89,8
DA:90,8
DA:94,8
DA:96,7
DA:117,2
DA:118,2
DA:132,1
LF:35
LH:35
BRDA:28,0,0,8
BRDA:29,1,0,8
BRDA:32,2,0,6
BRDA:33,3,0,8
BRDA:34,4,0,8
BRDA:35,5,0,8
BRDA:36,6,0,8
BRDA:37,7,0,8
BRDA:38,8,0,8
BRDA:45,9,0,0
BRDA:45,9,1,8
BRDA:49,10,0,7
BRDA:49,10,1,1
BRDA:59,11,0,1
BRDA:70,12,0,1
BRDA:71,13,0,2
BRDA:71,13,1,1
BRDA:71,13,2,1
BRDA:80,14,0,7
BRDA:83,15,0,3
BRDA:94,16,0,1
BRDA:99,17,0,7
BRDA:99,17,1,0
BRDA:112,18,0,7
BRDA:112,18,1,7
BRF:25
BRH:23
end_of_record
TN:
SF:src\component\Tab\Tab.tsx
FN:38,TabProvider
FN:49,useTabContext
FN:57,isValidTabElement
FN:66,TabPanel
FN:76,(anonymous_13)
FN:82,(anonymous_14)
FN:91,handleSelectTab
FN:95,handleClickTabItem
FN:104,handleKeyDown
FN:121,moveFocus
FN:135,(anonymous_19)
FN:138,(anonymous_20)
FN:146,(anonymous_21)
FN:147,(anonymous_22)
FN:148,(anonymous_23)
FN:149,(anonymous_24)
FN:165,(anonymous_25)
FNF:17
FNH:17
FNDA:15,TabProvider
FNDA:18,useTabContext
FNDA:54,isValidTabElement
FNDA:18,TabPanel
FNDA:6,(anonymous_13)
FNDA:54,(anonymous_14)
FNDA:3,handleSelectTab
FNDA:1,handleClickTabItem
FNDA:5,handleKeyDown
FNDA:3,moveFocus
FNDA:54,(anonymous_19)
FNDA:108,(anonymous_20)
FNDA:1,(anonymous_21)
FNDA:2,(anonymous_22)
FNDA:4,(anonymous_23)
FNDA:5,(anonymous_24)
FNDA:54,(anonymous_25)
DA:1,1
DA:10,1
DA:33,1
DA:38,1
DA:39,15
DA:41,15
DA:49,1
DA:50,18
DA:51,18
DA:52,0
DA:54,18
DA:60,54
DA:71,18
DA:72,18
DA:73,18
DA:74,18
DA:76,18
DA:77,6
DA:80,18
DA:83,54
DA:84,54
DA:92,3
DA:96,1
DA:97,0
DA:99,1
DA:100,1
DA:101,1
DA:109,5
DA:110,2
DA:111,2
DA:112,3
DA:113,2
DA:114,2
DA:115,1
DA:116,1
DA:117,1
DA:122,3
DA:123,3
DA:124,3
DA:128,18
DA:136,54
DA:139,108
DA:146,1
DA:147,2
DA:148,4
DA:149,5
DA:166,54
DA:170,12
DA:172,42
DA:179,1
LF:50
LH:48
BRDA:51,0,0,0
BRDA:61,1,0,54
BRDA:61,1,1,54
BRDA:68,2,0,0
BRDA:96,3,0,0
BRDA:109,4,0,2
BRDA:109,4,1,3
BRDA:109,5,0,5
BRDA:109,5,1,4
BRDA:112,6,0,2
BRDA:112,6,1,1
BRDA:112,7,0,3
BRDA:112,7,1,1
BRDA:115,8,0,1
BRDA:115,9,0,1
BRDA:115,9,1,0
BRDA:122,10,0,3
BRDA:122,11,0,3
BRDA:122,11,1,3
BRDA:142,12,0,12
BRDA:142,12,1,42
BRDA:144,13,0,12
BRDA:144,13,1,42
BRDA:156,14,0,54
BRDA:156,14,1,54
BRDA:166,15,0,12
BRDA:167,16,0,54
BRDA:167,16,1,54
BRF:28
BRH:24
end_of_record
TN:
SF:src\component\Toggle\Toggle.tsx
FN:25,(anonymous_1)
FN:36,(anonymous_2)
FN:37,(anonymous_3)
FNF:3
FNH:3
FNDA:11,(anonymous_1)
FNDA:4,(anonymous_2)
FNDA:4,(anonymous_3)
DA:1,1
DA:2,1
DA:3,1
DA:25,1
DA:34,11
DA:36,11
DA:37,4
DA:38,4
DA:41,11
DA:65,1
LF:10
LH:10
BRDA:26,0,0,11
BRDA:27,1,0,11
BRDA:28,2,0,5
BRDA:29,3,0,9
BRDA:32,4,0,10
BRDA:44,5,0,11
BRDA:44,5,1,4
BRDA:51,6,0,7
BRDA:51,6,1,4
BRDA:54,7,0,7
BRDA:54,7,1,4
BRF:11
BRH:11
end_of_record
TN:
SF:src\component\Tooltip\Tooltip.tsx
FN:13,(anonymous_1)
FN:36,(anonymous_2)
FN:47,(anonymous_3)
FN:52,(anonymous_4)
FN:58,(anonymous_5)
FNF:5
FNH:5
FNDA:7,(anonymous_1)
FNDA:7,(anonymous_2)
FNDA:7,(anonymous_3)
FNDA:6,(anonymous_4)
FNDA:6,(anonymous_5)
DA:1,1
DA:2,1
DA:3,1
DA:13,1
DA:20,7
DA:21,7
DA:22,7
DA:36,7
DA:37,7
DA:38,7
DA:43,7
DA:44,1
DA:47,7
DA:48,7
DA:52,7
DA:53,6
DA:54,6
DA:58,7
DA:59,6
DA:60,6
DA:63,7
DA:70,1
LF:22
LH:22
BRDA:15,0,0,7
BRDA:16,1,0,1
BRDA:17,2,0,6
BRDA:37,3,0,0
BRDA:43,4,0,1
BRDA:53,5,0,0
BRDA:54,6,0,4
BRDA:54,6,1,2
BRDA:59,7,0,0
BRF:9
BRH:6
end_of_record
TN:
SF:src\component\switch\Switch.tsx
FN:12,(anonymous_0)
FN:21,(anonymous_1)
FN:25,(anonymous_2)
FN:27,(anonymous_3)
FN:34,(anonymous_4)
FNF:5
FNH:5
FNDA:13,(anonymous_0)
FNDA:7,(anonymous_1)
FNDA:6,(anonymous_2)
FNDA:4,(anonymous_3)
FNDA:3,(anonymous_4)
DA:1,1
DA:2,1
DA:12,1
DA:19,13
DA:21,13
DA:22,7
DA:25,13
DA:26,6
DA:27,4
DA:28,4
DA:29,4
DA:30,4
DA:34,13
DA:35,3
DA:36,3
DA:40,13
DA:58,1
LF:17
LH:17
BRDA:14,0,0,12
BRDA:15,1,0,12
BRDA:16,2,0,11
BRDA:26,3,0,2
BRDA:35,4,0,3
BRDA:51,5,0,13
BRDA:51,5,1,1
BRF:7
BRH:7
end_of_record
